DEPRECATION WARNING: Passing a block to devise_for is deprecated. Please remove the block from devise_for (only the block, the call to devise_for must still exist) and call devise_scope :user do ... end with the block instead. (called from block in <top (required)> at /home/swapnil/demo/jkscience/config/routes.rb:3)


Started GET "/" for 127.0.0.1 at 2012-05-07 20:43:22 +0530
Processing by HomeController#index as HTML
  Rendered home/index.html.erb within layouts/home (0.8ms)
Compiled bootstrap.css  (0ms)  (pid 22925)
Compiled jquery-ui-1.8.18.custom.css  (0ms)  (pid 22925)
Compiled application.css  (338ms)  (pid 22925)
Completed 200 OK in 652ms (Views: 651.6ms | ActiveRecord: 0.0ms)


Started GET "/assets/bootstrap.css?body=1" for 127.0.0.1 at 2012-05-07 20:43:23 +0530
Served asset /bootstrap.css - 304 Not Modified (18ms)


Started GET "/assets/jquery-ui-1.8.18.custom.css?body=1" for 127.0.0.1 at 2012-05-07 20:43:23 +0530
Served asset /jquery-ui-1.8.18.custom.css - 304 Not Modified (32ms)


Started GET "/profile/1" for 127.0.0.1 at 2012-05-07 20:43:25 +0530
Processing by ProfileController#show as HTML
  Parameters: {"id"=>"1"}
Completed 401 Unauthorized in 1ms


Started GET "/users/sign_in" for 127.0.0.1 at 2012-05-07 20:43:25 +0530
Processing by Devise::SessionsController#new as HTML
  Rendered devise/_links.erb (2.3ms)
  Rendered devise/sessions/new.html.erb within layouts/application (72.7ms)
Compiled jquery.js  (4ms)  (pid 22925)
Compiled jquery_ujs.js  (0ms)  (pid 22925)
Compiled jquery-ui.js  (6ms)  (pid 22925)
Compiled bootstrap.js  (0ms)  (pid 22925)
Compiled bootstrap-modal.js  (0ms)  (pid 22925)
Compiled ASCIIMathML.js  (3ms)  (pid 22925)
Compiled ddtf.js  (0ms)  (pid 22925)
Compiled application.js  (409ms)  (pid 22925)
Completed 200 OK in 1131ms (Views: 648.0ms | ActiveRecord: 458.6ms)


Started GET "/assets/jquery.js?body=1" for 127.0.0.1 at 2012-05-07 20:43:27 +0530
Served asset /jquery.js - 304 Not Modified (20ms)


Started GET "/assets/jquery_ujs.js?body=1" for 127.0.0.1 at 2012-05-07 20:43:27 +0530
Served asset /jquery_ujs.js - 304 Not Modified (12ms)


Started GET "/assets/jquery-ui.js?body=1" for 127.0.0.1 at 2012-05-07 20:43:27 +0530
Served asset /jquery-ui.js - 304 Not Modified (17ms)


Started GET "/assets/bootstrap-modal.js?body=1" for 127.0.0.1 at 2012-05-07 20:43:27 +0530
Served asset /bootstrap-modal.js - 304 Not Modified (8ms)


Started GET "/assets/ASCIIMathML.js?body=1" for 127.0.0.1 at 2012-05-07 20:43:27 +0530
Served asset /ASCIIMathML.js - 304 Not Modified (5ms)


Started GET "/assets/bootstrap.js?body=1" for 127.0.0.1 at 2012-05-07 20:43:27 +0530
Served asset /bootstrap.js - 304 Not Modified (5ms)


Started GET "/assets/ddtf.js?body=1" for 127.0.0.1 at 2012-05-07 20:43:27 +0530
Served asset /ddtf.js - 304 Not Modified (4ms)


Started GET "/assets/bootstrap.css?body=1" for 127.0.0.1 at 2012-05-07 20:43:27 +0530
Served asset /bootstrap.css - 304 Not Modified (0ms)


Started GET "/assets/jquery-ui-1.8.18.custom.css?body=1" for 127.0.0.1 at 2012-05-07 20:43:27 +0530
Served asset /jquery-ui-1.8.18.custom.css - 304 Not Modified (0ms)


Started POST "/users/sign_in" for 127.0.0.1 at 2012-05-07 20:43:36 +0530
Processing by Devise::SessionsController#create as HTML
  Parameters: {"utf8"=>"✓", "authenticity_token"=>"J6IiO6wWASn582MDGqzZbRv5l7W8nM/4mcjOm2gK5KQ=", "user"=>{"email"=>"swapnil.patil04@gmail.com", "password"=>"[FILTERED]", "remember_me"=>"0"}, "commit"=>"Sign in"}
  [1m[36mUser Load (44.1ms)[0m  [1mSELECT "users".* FROM "users" WHERE "users"."email" = 'swapnil.patil04@gmail.com' LIMIT 1[0m
  [1m[35m (0.2ms)[0m  BEGIN
  [1m[36m (17.4ms)[0m  [1mUPDATE "users" SET "last_sign_in_at" = '2012-05-04 02:30:38.000000', "current_sign_in_at" = '2012-05-07 20:43:37.022274', "sign_in_count" = 4, "updated_at" = '2012-05-07 20:43:37.024961' WHERE "users"."id" = 1[0m
  [1m[35m (73.1ms)[0m  COMMIT
Redirected to http://0.0.0.0:3000/profile/1
Completed 302 Found in 564ms (ActiveRecord: 0.0ms)


Started GET "/profile/1" for 127.0.0.1 at 2012-05-07 20:43:37 +0530
Processing by ProfileController#show as HTML
  Parameters: {"id"=>"1"}
  [1m[36mUser Load (0.7ms)[0m  [1mSELECT "users".* FROM "users" WHERE "users"."id" = 1 LIMIT 1[0m
  [1m[35mRole Load (36.0ms)[0m  SELECT "roles".* FROM "roles" WHERE "roles"."id" = 1 LIMIT 1
  [1m[36mAdmin Load (21.8ms)[0m  [1mSELECT "admins".* FROM "admins" WHERE "admins"."id" = $1 LIMIT 1[0m  [["id", 1]]
  Rendered profile/show.html.erb within layouts/application (4.1ms)
Completed 200 OK in 489ms (Views: 20.8ms | ActiveRecord: 107.1ms)


Started GET "/assets/jquery.js?body=1" for 127.0.0.1 at 2012-05-07 20:43:37 +0530
Served asset /jquery.js - 304 Not Modified (0ms)


Started GET "/assets/jquery_ujs.js?body=1" for 127.0.0.1 at 2012-05-07 20:43:37 +0530
Served asset /jquery_ujs.js - 304 Not Modified (0ms)


Started GET "/assets/jquery-ui.js?body=1" for 127.0.0.1 at 2012-05-07 20:43:37 +0530
Served asset /jquery-ui.js - 304 Not Modified (1ms)


Started GET "/assets/ASCIIMathML.js?body=1" for 127.0.0.1 at 2012-05-07 20:43:37 +0530
Served asset /ASCIIMathML.js - 304 Not Modified (0ms)


Started GET "/assets/ddtf.js?body=1" for 127.0.0.1 at 2012-05-07 20:43:37 +0530
Served asset /ddtf.js - 304 Not Modified (0ms)


Started GET "/assets/bootstrap.js?body=1" for 127.0.0.1 at 2012-05-07 20:43:37 +0530
Served asset /bootstrap.js - 304 Not Modified (0ms)


Started GET "/assets/bootstrap-modal.js?body=1" for 127.0.0.1 at 2012-05-07 20:43:37 +0530
Served asset /bootstrap-modal.js - 304 Not Modified (3ms)


Started GET "/assets/bootstrap.css?body=1" for 127.0.0.1 at 2012-05-07 20:43:38 +0530
Served asset /bootstrap.css - 304 Not Modified (0ms)


Started GET "/assets/jquery-ui-1.8.18.custom.css?body=1" for 127.0.0.1 at 2012-05-07 20:43:38 +0530
Served asset /jquery-ui-1.8.18.custom.css - 304 Not Modified (0ms)


Started GET "/subjects" for 127.0.0.1 at 2012-05-07 20:43:39 +0530
Processing by SubjectsController#index as JS
  [1m[35mUser Load (0.7ms)[0m  SELECT "users".* FROM "users" WHERE "users"."id" = 1 LIMIT 1
  [1m[36mRole Load (0.5ms)[0m  [1mSELECT "roles".* FROM "roles" WHERE "roles"."id" = 1 LIMIT 1[0m
  [1m[35mSubject Load (2.4ms)[0m  SELECT "subjects".* FROM "subjects" 
  Rendered subjects/_form_index.html.erb (5.1ms)
  Rendered subjects/index.js.erb (7.4ms)
Completed 200 OK in 49ms (Views: 12.3ms | ActiveRecord: 7.7ms)


Started GET "/subjects" for 127.0.0.1 at 2012-05-07 20:43:40 +0530
Processing by SubjectsController#index as JS
  [1m[36mUser Load (0.7ms)[0m  [1mSELECT "users".* FROM "users" WHERE "users"."id" = 1 LIMIT 1[0m
  [1m[35mRole Load (0.5ms)[0m  SELECT "roles".* FROM "roles" WHERE "roles"."id" = 1 LIMIT 1
  [1m[36mSubject Load (0.4ms)[0m  [1mSELECT "subjects".* FROM "subjects" [0m
  Rendered subjects/_form_index.html.erb (3.5ms)
  Rendered subjects/index.js.erb (6.3ms)
Completed 200 OK in 24ms (Views: 10.4ms | ActiveRecord: 1.5ms)


Started GET "/teachers" for 127.0.0.1 at 2012-05-07 20:43:40 +0530
Processing by TeachersController#index as JS
  [1m[35mUser Load (0.7ms)[0m  SELECT "users".* FROM "users" WHERE "users"."id" = 1 LIMIT 1
  [1m[36mRole Load (0.5ms)[0m  [1mSELECT "roles".* FROM "roles" WHERE "roles"."id" = 1 LIMIT 1[0m
  [1m[35mTeacher Load (15.1ms)[0m  SELECT "teachers".* FROM "teachers" 
  [1m[36mSubject Load (1.2ms)[0m  [1mSELECT "subjects".* FROM "subjects" WHERE "subjects"."id" = 1 LIMIT 1[0m
  Rendered teachers/_form_index.html.erb (7.7ms)
  Rendered teachers/index.js.erb (9.9ms)
Completed 200 OK in 140ms (Views: 13.7ms | ActiveRecord: 22.7ms)


Started GET "/teachers" for 127.0.0.1 at 2012-05-07 20:43:40 +0530
Processing by TeachersController#index as JS
  [1m[35mUser Load (0.7ms)[0m  SELECT "users".* FROM "users" WHERE "users"."id" = 1 LIMIT 1
  [1m[36mRole Load (0.5ms)[0m  [1mSELECT "roles".* FROM "roles" WHERE "roles"."id" = 1 LIMIT 1[0m
  [1m[35mTeacher Load (0.4ms)[0m  SELECT "teachers".* FROM "teachers" 
  [1m[36mSubject Load (0.4ms)[0m  [1mSELECT "subjects".* FROM "subjects" WHERE "subjects"."id" = 1 LIMIT 1[0m
  Rendered teachers/_form_index.html.erb (3.6ms)
  Rendered teachers/index.js.erb (5.0ms)
Completed 200 OK in 24ms (Views: 8.6ms | ActiveRecord: 2.0ms)


Started GET "/students" for 127.0.0.1 at 2012-05-07 20:43:41 +0530
Processing by StudentsController#index as JS
  [1m[35mUser Load (0.7ms)[0m  SELECT "users".* FROM "users" WHERE "users"."id" = 1 LIMIT 1
  [1m[36mStudent Load (1.0ms)[0m  [1mSELECT "students".* FROM "students" [0m
  Rendered students/_form_index.html.erb (3.6ms)
  Rendered students/index.js.erb (5.7ms)
Completed 200 OK in 33ms (Views: 10.5ms | ActiveRecord: 5.1ms)


Started GET "/students" for 127.0.0.1 at 2012-05-07 20:43:41 +0530
Processing by StudentsController#index as JS
  [1m[35mUser Load (0.6ms)[0m  SELECT "users".* FROM "users" WHERE "users"."id" = 1 LIMIT 1
  [1m[36mStudent Load (0.3ms)[0m  [1mSELECT "students".* FROM "students" [0m
  Rendered students/_form_index.html.erb (1.9ms)
  Rendered students/index.js.erb (3.3ms)
Completed 200 OK in 11ms (Views: 7.2ms | ActiveRecord: 0.9ms)


Started GET "/admins" for 127.0.0.1 at 2012-05-07 20:43:41 +0530
Processing by AdminsController#index as JS
  [1m[35mUser Load (0.9ms)[0m  SELECT "users".* FROM "users" WHERE "users"."id" = 1 LIMIT 1
  [1m[36mRole Load (0.5ms)[0m  [1mSELECT "roles".* FROM "roles" WHERE "roles"."id" = 1 LIMIT 1[0m
  [1m[35mAdmin Load (0.4ms)[0m  SELECT "admins".* FROM "admins" 
  Rendered admins/_form_index.html.erb (3.0ms)
  Rendered admins/index.js.erb (5.1ms)
Completed 200 OK in 28ms (Views: 9.9ms | ActiveRecord: 1.7ms)


Started GET "/admins" for 127.0.0.1 at 2012-05-07 20:43:41 +0530
Processing by AdminsController#index as JS
  [1m[36mUser Load (0.7ms)[0m  [1mSELECT "users".* FROM "users" WHERE "users"."id" = 1 LIMIT 1[0m
  [1m[35mRole Load (0.5ms)[0m  SELECT "roles".* FROM "roles" WHERE "roles"."id" = 1 LIMIT 1
  [1m[36mAdmin Load (0.4ms)[0m  [1mSELECT "admins".* FROM "admins" [0m
  Rendered admins/_form_index.html.erb (1.5ms)
  Rendered admins/index.js.erb (2.8ms)
Completed 200 OK in 21ms (Views: 6.8ms | ActiveRecord: 1.6ms)


Started GET "/users" for 127.0.0.1 at 2012-05-07 20:43:42 +0530
Processing by UsersController#index as JS
  [1m[35mUser Load (0.7ms)[0m  SELECT "users".* FROM "users" WHERE "users"."id" = 1 LIMIT 1
  [1m[36mRole Load (0.7ms)[0m  [1mSELECT "roles".* FROM "roles" WHERE "roles"."id" = 1 LIMIT 1[0m
  [1m[35mUser Load (0.7ms)[0m  SELECT "users".* FROM "users" WHERE (role_id != 1)
  [1m[36mRole Load (0.5ms)[0m  [1mSELECT "roles".* FROM "roles" WHERE "roles"."id" = 2 LIMIT 1[0m
  [1m[35mRole Load (0.3ms)[0m  SELECT "roles".* FROM "roles" WHERE "roles"."id" = 3 LIMIT 1
  Rendered users/_index.html.erb (9.2ms)
  Rendered users/index.js.erb (11.2ms)
Completed 200 OK in 32ms (Views: 14.5ms | ActiveRecord: 2.9ms)


Started GET "/users" for 127.0.0.1 at 2012-05-07 20:43:42 +0530
Processing by UsersController#index as JS
  [1m[36mUser Load (0.6ms)[0m  [1mSELECT "users".* FROM "users" WHERE "users"."id" = 1 LIMIT 1[0m
  [1m[35mRole Load (0.5ms)[0m  SELECT "roles".* FROM "roles" WHERE "roles"."id" = 1 LIMIT 1
  [1m[36mUser Load (0.5ms)[0m  [1mSELECT "users".* FROM "users" WHERE (role_id != 1)[0m
  [1m[35mRole Load (0.3ms)[0m  SELECT "roles".* FROM "roles" WHERE "roles"."id" = 2 LIMIT 1
  [1m[36mRole Load (0.3ms)[0m  [1mSELECT "roles".* FROM "roles" WHERE "roles"."id" = 3 LIMIT 1[0m
  Rendered users/_index.html.erb (75.2ms)
  Rendered users/index.js.erb (77.3ms)
Completed 200 OK in 93ms (Views: 80.2ms | ActiveRecord: 2.2ms)


Started GET "/batchs" for 127.0.0.1 at 2012-05-07 20:43:42 +0530
Processing by BatchsController#index as JS
  [1m[35mUser Load (0.6ms)[0m  SELECT "users".* FROM "users" WHERE "users"."id" = 1 LIMIT 1
  [1m[36mRole Load (0.5ms)[0m  [1mSELECT "roles".* FROM "roles" WHERE "roles"."id" = 1 LIMIT 1[0m
  [1m[35mBatch Load (1.7ms)[0m  SELECT "batches".* FROM "batches" 
  Rendered batchs/_form_index.html.erb (5.0ms)
  Rendered batchs/index.js.erb (7.3ms)
Completed 200 OK in 46ms (Views: 12.2ms | ActiveRecord: 6.9ms)


Started GET "/batchs" for 127.0.0.1 at 2012-05-07 20:43:42 +0530
Processing by BatchsController#index as JS
  [1m[36mUser Load (0.6ms)[0m  [1mSELECT "users".* FROM "users" WHERE "users"."id" = 1 LIMIT 1[0m
  [1m[35mRole Load (0.5ms)[0m  SELECT "roles".* FROM "roles" WHERE "roles"."id" = 1 LIMIT 1
  [1m[36mBatch Load (0.4ms)[0m  [1mSELECT "batches".* FROM "batches" [0m
  Rendered batchs/_form_index.html.erb (2.8ms)
  Rendered batchs/index.js.erb (4.3ms)
Completed 200 OK in 22ms (Views: 8.4ms | ActiveRecord: 1.5ms)


Started GET "/question/filter_question" for 127.0.0.1 at 2012-05-07 20:43:43 +0530
Processing by QuestionsController#filter_question as JS
  [1m[35mUser Load (0.7ms)[0m  SELECT "users".* FROM "users" WHERE "users"."id" = 1 LIMIT 1
  [1m[36mRole Load (0.5ms)[0m  [1mSELECT "roles".* FROM "roles" WHERE "roles"."id" = 1 LIMIT 1[0m
  [1m[35mSubject Load (0.4ms)[0m  SELECT "subjects".* FROM "subjects" 
  [1m[36mQuestion Load (1.2ms)[0m  [1mSELECT "questions".* FROM "questions" [0m
  [1m[35mTopic Load (10.6ms)[0m  SELECT "topics".* FROM "topics" WHERE "topics"."id" = 1 LIMIT 1
  [1m[36mChapter Load (27.9ms)[0m  [1mSELECT "chapters".* FROM "chapters" WHERE "chapters"."id" = 1 LIMIT 1[0m
  [1m[35mSubject Load (0.5ms)[0m  SELECT "subjects".* FROM "subjects" WHERE "subjects"."id" = 1 LIMIT 1
  [1m[36mCACHE (0.0ms)[0m  [1mSELECT "topics".* FROM "topics" WHERE "topics"."id" = 1 LIMIT 1[0m
  [1m[35mCACHE (0.0ms)[0m  SELECT "chapters".* FROM "chapters" WHERE "chapters"."id" = 1 LIMIT 1
  [1m[36mCACHE (0.0ms)[0m  [1mSELECT "subjects".* FROM "subjects" WHERE "subjects"."id" = 1 LIMIT 1[0m
  [1m[35mCACHE (0.0ms)[0m  SELECT "topics".* FROM "topics" WHERE "topics"."id" = 1 LIMIT 1
  [1m[36mCACHE (0.0ms)[0m  [1mSELECT "chapters".* FROM "chapters" WHERE "chapters"."id" = 1 LIMIT 1[0m
  [1m[35mCACHE (0.0ms)[0m  SELECT "subjects".* FROM "subjects" WHERE "subjects"."id" = 1 LIMIT 1
  Rendered questions/_index.html.erb (212.5ms)
  Rendered questions/_filter_question.html.erb (215.6ms)
  Rendered questions/filter_question.js.erb (217.8ms)
Completed 200 OK in 246ms (Views: 174.2ms | ActiveRecord: 53.7ms)


Started GET "/question/filter_question" for 127.0.0.1 at 2012-05-07 20:43:43 +0530
Processing by QuestionsController#filter_question as JS
  [1m[36mUser Load (0.7ms)[0m  [1mSELECT "users".* FROM "users" WHERE "users"."id" = 1 LIMIT 1[0m
  [1m[35mRole Load (0.5ms)[0m  SELECT "roles".* FROM "roles" WHERE "roles"."id" = 1 LIMIT 1
  [1m[36mSubject Load (0.4ms)[0m  [1mSELECT "subjects".* FROM "subjects" [0m
  [1m[35mQuestion Load (0.5ms)[0m  SELECT "questions".* FROM "questions" 
  [1m[36mTopic Load (0.6ms)[0m  [1mSELECT "topics".* FROM "topics" WHERE "topics"."id" = 1 LIMIT 1[0m
  [1m[35mChapter Load (0.3ms)[0m  SELECT "chapters".* FROM "chapters" WHERE "chapters"."id" = 1 LIMIT 1
  [1m[36mSubject Load (0.3ms)[0m  [1mSELECT "subjects".* FROM "subjects" WHERE "subjects"."id" = 1 LIMIT 1[0m
  [1m[35mCACHE (0.0ms)[0m  SELECT "topics".* FROM "topics" WHERE "topics"."id" = 1 LIMIT 1
  [1m[36mCACHE (0.0ms)[0m  [1mSELECT "chapters".* FROM "chapters" WHERE "chapters"."id" = 1 LIMIT 1[0m
  [1m[35mCACHE (0.0ms)[0m  SELECT "subjects".* FROM "subjects" WHERE "subjects"."id" = 1 LIMIT 1
  [1m[36mCACHE (0.0ms)[0m  [1mSELECT "topics".* FROM "topics" WHERE "topics"."id" = 1 LIMIT 1[0m
  [1m[35mCACHE (0.0ms)[0m  SELECT "chapters".* FROM "chapters" WHERE "chapters"."id" = 1 LIMIT 1
  [1m[36mCACHE (0.0ms)[0m  [1mSELECT "subjects".* FROM "subjects" WHERE "subjects"."id" = 1 LIMIT 1[0m
  Rendered questions/_index.html.erb (14.3ms)
  Rendered questions/_filter_question.html.erb (15.7ms)
  Rendered questions/filter_question.js.erb (17.2ms)
Completed 200 OK in 42ms (Views: 22.9ms | ActiveRecord: 3.2ms)


Started GET "/jktest/select_subject" for 127.0.0.1 at 2012-05-07 20:43:44 +0530
Processing by JktestsController#select_subject as JS
  [1m[35mUser Load (0.7ms)[0m  SELECT "users".* FROM "users" WHERE "users"."id" = 1 LIMIT 1
  [1m[36mRole Load (0.5ms)[0m  [1mSELECT "roles".* FROM "roles" WHERE "roles"."id" = 1 LIMIT 1[0m
  [1m[35mSubject Load (0.4ms)[0m  SELECT "subjects".* FROM "subjects" 
  Rendered jktests/_select_subject.html.erb (2.0ms)
  Rendered jktests/select_subject.js.erb (4.1ms)
Completed 200 OK in 35ms (Views: 13.8ms | ActiveRecord: 1.6ms)


Started GET "/jktest/select_subject" for 127.0.0.1 at 2012-05-07 20:43:44 +0530
Processing by JktestsController#select_subject as JS
  [1m[36mUser Load (0.7ms)[0m  [1mSELECT "users".* FROM "users" WHERE "users"."id" = 1 LIMIT 1[0m
  [1m[35mRole Load (0.5ms)[0m  SELECT "roles".* FROM "roles" WHERE "roles"."id" = 1 LIMIT 1
  [1m[36mSubject Load (0.4ms)[0m  [1mSELECT "subjects".* FROM "subjects" [0m
  Rendered jktests/_select_subject.html.erb (2.5ms)
  Rendered jktests/select_subject.js.erb (4.0ms)
Completed 200 OK in 26ms (Views: 11.5ms | ActiveRecord: 1.6ms)


Started GET "/reports" for 127.0.0.1 at 2012-05-07 20:43:44 +0530
Processing by ReportsController#index as JS
  [1m[35mUser Load (0.7ms)[0m  SELECT "users".* FROM "users" WHERE "users"."id" = 1 LIMIT 1
  [1m[36mBatch Load (0.4ms)[0m  [1mSELECT "batches".* FROM "batches" [0m
  [1m[35mStudent Load (0.3ms)[0m  SELECT "students".* FROM "students" 
  [1m[36mJktest Load (1.2ms)[0m  [1mSELECT "jktests".* FROM "jktests" [0m
  [1m[35mMark Load (1.2ms)[0m  SELECT "marks".* FROM "marks" 
  [1m[36mBatchtest Load (13.4ms)[0m  [1mSELECT "batchtests".* FROM "batchtests" WHERE "batchtests"."id" = 1 LIMIT 1[0m
  [1m[35mBatch Load (1.4ms)[0m  SELECT "batches".* FROM "batches" WHERE "batches"."id" = 1 LIMIT 1
  [1m[36mStudent Load (1.2ms)[0m  [1mSELECT "students".* FROM "students" WHERE "students"."id" = 1 LIMIT 1[0m
  [1m[35mJktest Load (1.3ms)[0m  SELECT "jktests".* FROM "jktests" WHERE "jktests"."id" = 1 LIMIT 1
  [1m[36mCACHE (0.0ms)[0m  [1mSELECT "batchtests".* FROM "batchtests" WHERE "batchtests"."id" = 1 LIMIT 1[0m
  [1m[35mCACHE (0.0ms)[0m  SELECT "batches".* FROM "batches" WHERE "batches"."id" = 1 LIMIT 1
  [1m[36mCACHE (0.0ms)[0m  [1mSELECT "students".* FROM "students" WHERE "students"."id" = 1 LIMIT 1[0m
  [1m[35mCACHE (0.0ms)[0m  SELECT "jktests".* FROM "jktests" WHERE "jktests"."id" = 1 LIMIT 1
  [1m[36mCACHE (0.0ms)[0m  [1mSELECT "batchtests".* FROM "batchtests" WHERE "batchtests"."id" = 1 LIMIT 1[0m
  [1m[35mCACHE (0.0ms)[0m  SELECT "batches".* FROM "batches" WHERE "batches"."id" = 1 LIMIT 1
  [1m[36mCACHE (0.0ms)[0m  [1mSELECT "students".* FROM "students" WHERE "students"."id" = 1 LIMIT 1[0m
  [1m[35mCACHE (0.0ms)[0m  SELECT "jktests".* FROM "jktests" WHERE "jktests"."id" = 1 LIMIT 1
  Rendered reports/_form_index.html.erb (149.9ms)
  Rendered reports/index.js.erb (151.9ms)
Completed 200 OK in 205ms (Views: 138.7ms | ActiveRecord: 32.1ms)


Started GET "/reports" for 127.0.0.1 at 2012-05-07 20:43:45 +0530
Processing by ReportsController#index as JS
  [1m[36mUser Load (0.6ms)[0m  [1mSELECT "users".* FROM "users" WHERE "users"."id" = 1 LIMIT 1[0m
  [1m[35mBatch Load (0.5ms)[0m  SELECT "batches".* FROM "batches" 
  [1m[36mStudent Load (0.4ms)[0m  [1mSELECT "students".* FROM "students" [0m
  [1m[35mJktest Load (0.4ms)[0m  SELECT "jktests".* FROM "jktests" 
  [1m[36mMark Load (0.2ms)[0m  [1mSELECT "marks".* FROM "marks" [0m
  [1m[35mBatchtest Load (0.5ms)[0m  SELECT "batchtests".* FROM "batchtests" WHERE "batchtests"."id" = 1 LIMIT 1
  [1m[36mBatch Load (0.3ms)[0m  [1mSELECT "batches".* FROM "batches" WHERE "batches"."id" = 1 LIMIT 1[0m
  [1m[35mStudent Load (0.6ms)[0m  SELECT "students".* FROM "students" WHERE "students"."id" = 1 LIMIT 1
  [1m[36mJktest Load (0.5ms)[0m  [1mSELECT "jktests".* FROM "jktests" WHERE "jktests"."id" = 1 LIMIT 1[0m
  [1m[35mCACHE (0.0ms)[0m  SELECT "batchtests".* FROM "batchtests" WHERE "batchtests"."id" = 1 LIMIT 1
  [1m[36mCACHE (0.0ms)[0m  [1mSELECT "batches".* FROM "batches" WHERE "batches"."id" = 1 LIMIT 1[0m
  [1m[35mCACHE (0.0ms)[0m  SELECT "students".* FROM "students" WHERE "students"."id" = 1 LIMIT 1
  [1m[36mCACHE (0.0ms)[0m  [1mSELECT "jktests".* FROM "jktests" WHERE "jktests"."id" = 1 LIMIT 1[0m
  [1m[35mCACHE (0.0ms)[0m  SELECT "batchtests".* FROM "batchtests" WHERE "batchtests"."id" = 1 LIMIT 1
  [1m[36mCACHE (0.0ms)[0m  [1mSELECT "batches".* FROM "batches" WHERE "batches"."id" = 1 LIMIT 1[0m
  [1m[35mCACHE (0.0ms)[0m  SELECT "students".* FROM "students" WHERE "students"."id" = 1 LIMIT 1
  [1m[36mCACHE (0.0ms)[0m  [1mSELECT "jktests".* FROM "jktests" WHERE "jktests"."id" = 1 LIMIT 1[0m
  Rendered reports/_form_index.html.erb (14.7ms)
  Rendered reports/index.js.erb (16.6ms)
Completed 200 OK in 30ms (Views: 21.6ms | ActiveRecord: 4.0ms)


Started GET "/subject/filter_forum" for 127.0.0.1 at 2012-05-07 20:43:45 +0530
Processing by ForumsController#filter_forum as JS
  [1m[35mUser Load (0.9ms)[0m  SELECT "users".* FROM "users" WHERE "users"."id" = 1 LIMIT 1
  [1m[36mSubject Load (0.4ms)[0m  [1mSELECT "subjects".* FROM "subjects" [0m
  Rendered forums/_filter_forum.html.erb (2.2ms)
  Rendered forums/filter_forum.js.erb (4.7ms)
Completed 200 OK in 18ms (Views: 13.1ms | ActiveRecord: 1.3ms)


Started GET "/subject/filter_forum" for 127.0.0.1 at 2012-05-07 20:43:45 +0530
Processing by ForumsController#filter_forum as JS
  [1m[35mUser Load (0.6ms)[0m  SELECT "users".* FROM "users" WHERE "users"."id" = 1 LIMIT 1
  [1m[36mSubject Load (0.4ms)[0m  [1mSELECT "subjects".* FROM "subjects" [0m
  Rendered forums/_filter_forum.html.erb (0.3ms)
  Rendered forums/filter_forum.js.erb (1.7ms)
Completed 200 OK in 13ms (Views: 9.2ms | ActiveRecord: 1.0ms)


Started DELETE "/users/sign_out" for 127.0.0.1 at 2012-05-07 20:43:47 +0530
Processing by Devise::SessionsController#destroy as HTML
  Parameters: {"authenticity_token"=>"J6IiO6wWASn582MDGqzZbRv5l7W8nM/4mcjOm2gK5KQ="}
  [1m[35mUser Load (0.7ms)[0m  SELECT "users".* FROM "users" WHERE "users"."id" = 1 LIMIT 1
  [1m[36m (0.2ms)[0m  [1mBEGIN[0m
  [1m[35m (0.2ms)[0m  COMMIT
Redirected to http://0.0.0.0:3000/
Completed 302 Found in 53ms (ActiveRecord: 1.1ms)


Started GET "/" for 127.0.0.1 at 2012-05-07 20:43:47 +0530
Processing by HomeController#index as HTML
  Rendered home/index.html.erb within layouts/home (0.1ms)
Completed 200 OK in 5ms (Views: 4.9ms | ActiveRecord: 0.0ms)


Started GET "/assets/bootstrap.css?body=1" for 127.0.0.1 at 2012-05-07 20:43:47 +0530
Served asset /bootstrap.css - 304 Not Modified (0ms)


Started GET "/assets/jquery-ui-1.8.18.custom.css?body=1" for 127.0.0.1 at 2012-05-07 20:43:47 +0530
Served asset /jquery-ui-1.8.18.custom.css - 304 Not Modified (0ms)
DEPRECATION WARNING: Passing a block to devise_for is deprecated. Please remove the block from devise_for (only the block, the call to devise_for must still exist) and call devise_scope :user do ... end with the block instead. (called from block in <top (required)> at /home/swapnil/demo/jkscience/config/routes.rb:3)


Started GET "/" for 127.0.0.1 at 2012-05-07 21:20:25 +0530
Processing by HomeController#index as HTML
  Rendered home/index.html.erb within layouts/home (0.8ms)
Completed 200 OK in 286ms (Views: 285.7ms | ActiveRecord: 0.0ms)


Started GET "/assets/bootstrap.css?body=1" for 127.0.0.1 at 2012-05-07 21:20:26 +0530
Served asset /bootstrap.css - 304 Not Modified (82ms)


Started GET "/assets/jquery-ui-1.8.18.custom.css?body=1" for 127.0.0.1 at 2012-05-07 21:20:26 +0530
Served asset /jquery-ui-1.8.18.custom.css - 304 Not Modified (24ms)


Started GET "/profile/1" for 127.0.0.1 at 2012-05-07 21:20:27 +0530
Processing by ProfileController#show as HTML
  Parameters: {"id"=>"1"}
Completed 401 Unauthorized in 1ms


Started GET "/users/sign_in" for 127.0.0.1 at 2012-05-07 21:20:27 +0530
Processing by Devise::SessionsController#new as HTML
  Rendered devise/_links.erb (2.2ms)
  Rendered devise/sessions/new.html.erb within layouts/application (112.8ms)
Completed 200 OK in 247ms (Views: 153.5ms | ActiveRecord: 65.7ms)


Started GET "/assets/jquery.js?body=1" for 127.0.0.1 at 2012-05-07 21:20:28 +0530
Served asset /jquery.js - 304 Not Modified (30ms)


Started GET "/assets/ASCIIMathML.js?body=1" for 127.0.0.1 at 2012-05-07 21:20:28 +0530
Served asset /ASCIIMathML.js - 304 Not Modified (9ms)


Started GET "/assets/jquery-ui.js?body=1" for 127.0.0.1 at 2012-05-07 21:20:28 +0530
Served asset /jquery-ui.js - 304 Not Modified (81ms)


Started GET "/assets/bootstrap.js?body=1" for 127.0.0.1 at 2012-05-07 21:20:28 +0530
Served asset /bootstrap.js - 304 Not Modified (5ms)


Started GET "/assets/bootstrap-modal.js?body=1" for 127.0.0.1 at 2012-05-07 21:20:28 +0530
Served asset /bootstrap-modal.js - 304 Not Modified (4ms)


Started GET "/assets/jquery_ujs.js?body=1" for 127.0.0.1 at 2012-05-07 21:20:28 +0530
Served asset /jquery_ujs.js - 304 Not Modified (7ms)


Started GET "/assets/ddtf.js?body=1" for 127.0.0.1 at 2012-05-07 21:20:28 +0530
Served asset /ddtf.js - 304 Not Modified (4ms)


Started GET "/assets/bootstrap.css?body=1" for 127.0.0.1 at 2012-05-07 21:20:28 +0530
Served asset /bootstrap.css - 304 Not Modified (0ms)


Started GET "/assets/jquery-ui-1.8.18.custom.css?body=1" for 127.0.0.1 at 2012-05-07 21:20:28 +0530
Served asset /jquery-ui-1.8.18.custom.css - 304 Not Modified (0ms)


Started POST "/users/sign_in" for 127.0.0.1 at 2012-05-07 21:20:33 +0530
Processing by Devise::SessionsController#create as HTML
  Parameters: {"utf8"=>"✓", "authenticity_token"=>"MXqRL8i36j8UgI89Md8EInl0FjWQzvk8GEoNrxYkO7Q=", "user"=>{"email"=>"swapnil.patil04@gmail.com", "password"=>"[FILTERED]", "remember_me"=>"0"}, "commit"=>"Sign in"}
  [1m[36mUser Load (1.8ms)[0m  [1mSELECT "users".* FROM "users" WHERE "users"."email" = 'swapnil.patil04@gmail.com' LIMIT 1[0m
  [1m[35m (0.2ms)[0m  BEGIN
  [1m[36m (0.7ms)[0m  [1mUPDATE "users" SET "last_sign_in_at" = '2012-05-08 02:13:37.000000', "current_sign_in_at" = '2012-05-07 21:20:33.700500', "sign_in_count" = 5, "updated_at" = '2012-05-07 21:20:33.703094' WHERE "users"."id" = 1[0m
  [1m[35m (22.3ms)[0m  COMMIT
Redirected to http://0.0.0.0:3000/profile/1
Completed 302 Found in 425ms (ActiveRecord: 0.0ms)


Started GET "/profile/1" for 127.0.0.1 at 2012-05-07 21:20:33 +0530
Processing by ProfileController#show as HTML
  Parameters: {"id"=>"1"}
  [1m[36mUser Load (0.7ms)[0m  [1mSELECT "users".* FROM "users" WHERE "users"."id" = 1 LIMIT 1[0m
  [1m[35mRole Load (0.5ms)[0m  SELECT "roles".* FROM "roles" WHERE "roles"."id" = 1 LIMIT 1
  [1m[36mAdmin Load (1.0ms)[0m  [1mSELECT "admins".* FROM "admins" WHERE "admins"."id" = $1 LIMIT 1[0m  [["id", 1]]
  Rendered profile/show.html.erb within layouts/application (4.0ms)
Completed 200 OK in 330ms (Views: 23.9ms | ActiveRecord: 9.7ms)


Started GET "/assets/jquery.js?body=1" for 127.0.0.1 at 2012-05-07 21:20:34 +0530
Served asset /jquery.js - 304 Not Modified (0ms)


Started GET "/assets/jquery-ui.js?body=1" for 127.0.0.1 at 2012-05-07 21:20:34 +0530
Served asset /jquery-ui.js - 304 Not Modified (4ms)


Started GET "/assets/bootstrap.js?body=1" for 127.0.0.1 at 2012-05-07 21:20:34 +0530
Served asset /bootstrap.js - 304 Not Modified (0ms)


Started GET "/assets/bootstrap-modal.js?body=1" for 127.0.0.1 at 2012-05-07 21:20:34 +0530
Served asset /bootstrap-modal.js - 304 Not Modified (0ms)


Started GET "/assets/ASCIIMathML.js?body=1" for 127.0.0.1 at 2012-05-07 21:20:34 +0530
Served asset /ASCIIMathML.js - 304 Not Modified (0ms)


Started GET "/assets/jquery_ujs.js?body=1" for 127.0.0.1 at 2012-05-07 21:20:34 +0530
Served asset /jquery_ujs.js - 304 Not Modified (0ms)


Started GET "/assets/ddtf.js?body=1" for 127.0.0.1 at 2012-05-07 21:20:34 +0530
Served asset /ddtf.js - 304 Not Modified (0ms)


Started GET "/assets/bootstrap.css?body=1" for 127.0.0.1 at 2012-05-07 21:20:34 +0530
Served asset /bootstrap.css - 304 Not Modified (0ms)


Started GET "/assets/jquery-ui-1.8.18.custom.css?body=1" for 127.0.0.1 at 2012-05-07 21:20:34 +0530
Served asset /jquery-ui-1.8.18.custom.css - 304 Not Modified (0ms)


Started GET "/profile/1/edit" for 127.0.0.1 at 2012-05-07 21:20:38 +0530
Processing by ProfileController#edit as JS
  Parameters: {"id"=>"1"}
  [1m[35mUser Load (0.7ms)[0m  SELECT "users".* FROM "users" WHERE "users"."id" = 1 LIMIT 1
  [1m[36mRole Load (0.5ms)[0m  [1mSELECT "roles".* FROM "roles" WHERE "roles"."id" = 1 LIMIT 1[0m
  [1m[35mAdmin Load (0.4ms)[0m  SELECT "admins".* FROM "admins" WHERE "admins"."id" = $1 LIMIT 1  [["id", "1"]]
  Rendered profile/_form_edit.html.erb (73.9ms)
  Rendered profile/edit.js.erb (76.2ms)
Completed 200 OK in 88ms (Views: 81.7ms | ActiveRecord: 1.6ms)


Started GET "/profile/1/edit" for 127.0.0.1 at 2012-05-07 21:20:38 +0530
Processing by ProfileController#edit as JS
  Parameters: {"id"=>"1"}
  [1m[36mUser Load (0.7ms)[0m  [1mSELECT "users".* FROM "users" WHERE "users"."id" = 1 LIMIT 1[0m
  [1m[35mRole Load (0.5ms)[0m  SELECT "roles".* FROM "roles" WHERE "roles"."id" = 1 LIMIT 1
  [1m[36mAdmin Load (0.4ms)[0m  [1mSELECT "admins".* FROM "admins" WHERE "admins"."id" = $1 LIMIT 1[0m  [["id", "1"]]
  Rendered profile/_form_edit.html.erb (3.3ms)
  Rendered profile/edit.js.erb (4.9ms)
Completed 200 OK in 16ms (Views: 10.4ms | ActiveRecord: 1.6ms)


Started GET "/profile/1" for 127.0.0.1 at 2012-05-07 21:20:40 +0530
Processing by ProfileController#show as JS
  Parameters: {"id"=>"1"}
  [1m[35mUser Load (0.7ms)[0m  SELECT "users".* FROM "users" WHERE "users"."id" = 1 LIMIT 1
  [1m[36mRole Load (0.5ms)[0m  [1mSELECT "roles".* FROM "roles" WHERE "roles"."id" = 1 LIMIT 1[0m
  [1m[35mAdmin Load (0.2ms)[0m  SELECT "admins".* FROM "admins" WHERE "admins"."id" = $1 LIMIT 1  [["id", 1]]
  Rendered profile/_show.html.erb (3.7ms)
  Rendered profile/show.js.erb (5.7ms)
Completed 200 OK in 14ms (Views: 9.5ms | ActiveRecord: 1.4ms)


Started GET "/profile/1" for 127.0.0.1 at 2012-05-07 21:20:41 +0530
Processing by ProfileController#show as JS
  Parameters: {"id"=>"1"}
  [1m[36mUser Load (0.7ms)[0m  [1mSELECT "users".* FROM "users" WHERE "users"."id" = 1 LIMIT 1[0m
  [1m[35mRole Load (0.5ms)[0m  SELECT "roles".* FROM "roles" WHERE "roles"."id" = 1 LIMIT 1
  [1m[36mAdmin Load (0.4ms)[0m  [1mSELECT "admins".* FROM "admins" WHERE "admins"."id" = $1 LIMIT 1[0m  [["id", 1]]
  Rendered profile/_show.html.erb (1.1ms)
  Rendered profile/show.js.erb (2.4ms)
Completed 200 OK in 12ms (Views: 6.5ms | ActiveRecord: 1.5ms)


Started GET "/admins" for 127.0.0.1 at 2012-05-07 21:20:42 +0530
Processing by AdminsController#index as JS
  [1m[35mUser Load (0.7ms)[0m  SELECT "users".* FROM "users" WHERE "users"."id" = 1 LIMIT 1
  [1m[36mRole Load (0.5ms)[0m  [1mSELECT "roles".* FROM "roles" WHERE "roles"."id" = 1 LIMIT 1[0m
  [1m[35mAdmin Load (0.3ms)[0m  SELECT "admins".* FROM "admins" 
  Rendered admins/_form_index.html.erb (2.9ms)
  Rendered admins/index.js.erb (5.0ms)
Completed 200 OK in 31ms (Views: 9.8ms | ActiveRecord: 1.5ms)


Started GET "/admins/1" for 127.0.0.1 at 2012-05-07 21:20:43 +0530
Processing by AdminsController#show as JS
  Parameters: {"id"=>"1"}
  [1m[36mUser Load (0.7ms)[0m  [1mSELECT "users".* FROM "users" WHERE "users"."id" = 1 LIMIT 1[0m
  [1m[35mAdmin Load (0.4ms)[0m  SELECT "admins".* FROM "admins" WHERE "admins"."id" = $1 LIMIT 1  [["id", "1"]]
  [1m[36mCACHE (0.0ms)[0m  [1mSELECT "admins".* FROM "admins" WHERE "admins"."id" = $1 LIMIT 1[0m
  Rendered admins/_show.html.erb (2.8ms)
  Rendered admins/show.js.erb (4.9ms)
Completed 200 OK in 26ms (Views: 12.0ms | ActiveRecord: 1.1ms)


Started GET "/admins/1" for 127.0.0.1 at 2012-05-07 21:20:43 +0530
Processing by AdminsController#show as JS
  Parameters: {"id"=>"1"}
  [1m[35mUser Load (0.6ms)[0m  SELECT "users".* FROM "users" WHERE "users"."id" = 1 LIMIT 1
  [1m[36mAdmin Load (0.4ms)[0m  [1mSELECT "admins".* FROM "admins" WHERE "admins"."id" = $1 LIMIT 1[0m  [["id", "1"]]
  [1m[35mCACHE (0.0ms)[0m  SELECT "admins".* FROM "admins" WHERE "admins"."id" = $1 LIMIT 1
  Rendered admins/_show.html.erb (1.6ms)
  Rendered admins/show.js.erb (2.9ms)
Completed 200 OK in 21ms (Views: 9.9ms | ActiveRecord: 1.0ms)


Started GET "/admins/1/edit" for 127.0.0.1 at 2012-05-07 21:20:45 +0530
Processing by AdminsController#edit as JS
  Parameters: {"id"=>"1"}
  [1m[36mUser Load (0.7ms)[0m  [1mSELECT "users".* FROM "users" WHERE "users"."id" = 1 LIMIT 1[0m
  [1m[35mAdmin Load (0.4ms)[0m  SELECT "admins".* FROM "admins" WHERE "admins"."id" = $1 LIMIT 1  [["id", "1"]]
  [1m[36mCACHE (0.0ms)[0m  [1mSELECT "admins".* FROM "admins" WHERE "admins"."id" = $1 LIMIT 1[0m
  Rendered admins/_form_edit.html.erb (4.6ms)
  Rendered admins/edit.js.erb (6.7ms)
Completed 200 OK in 23ms (Views: 10.5ms | ActiveRecord: 1.1ms)


Started GET "/admins/1/edit" for 127.0.0.1 at 2012-05-07 21:20:45 +0530
Processing by AdminsController#edit as JS
  Parameters: {"id"=>"1"}
  [1m[35mUser Load (0.8ms)[0m  SELECT "users".* FROM "users" WHERE "users"."id" = 1 LIMIT 1
  [1m[36mAdmin Load (0.5ms)[0m  [1mSELECT "admins".* FROM "admins" WHERE "admins"."id" = $1 LIMIT 1[0m  [["id", "1"]]
  [1m[35mCACHE (0.0ms)[0m  SELECT "admins".* FROM "admins" WHERE "admins"."id" = $1 LIMIT 1
  Rendered admins/_form_edit.html.erb (2.9ms)
  Rendered admins/edit.js.erb (4.5ms)
Completed 200 OK in 20ms (Views: 8.4ms | ActiveRecord: 1.3ms)


Started GET "/admins/1" for 127.0.0.1 at 2012-05-07 21:20:46 +0530
Processing by AdminsController#show as JS
  Parameters: {"id"=>"1"}
  [1m[36mUser Load (0.7ms)[0m  [1mSELECT "users".* FROM "users" WHERE "users"."id" = 1 LIMIT 1[0m
  [1m[35mAdmin Load (0.4ms)[0m  SELECT "admins".* FROM "admins" WHERE "admins"."id" = $1 LIMIT 1  [["id", "1"]]
  [1m[36mCACHE (0.0ms)[0m  [1mSELECT "admins".* FROM "admins" WHERE "admins"."id" = $1 LIMIT 1[0m
  Rendered admins/_show.html.erb (1.7ms)
  Rendered admins/show.js.erb (3.8ms)
Completed 200 OK in 22ms (Views: 11.8ms | ActiveRecord: 1.1ms)


Started GET "/students" for 127.0.0.1 at 2012-05-07 21:20:48 +0530
Processing by StudentsController#index as JS
  [1m[35mUser Load (0.7ms)[0m  SELECT "users".* FROM "users" WHERE "users"."id" = 1 LIMIT 1
  [1m[36mStudent Load (0.6ms)[0m  [1mSELECT "students".* FROM "students" [0m
  Rendered students/_form_index.html.erb (3.6ms)
  Rendered students/index.js.erb (5.9ms)
Completed 200 OK in 112ms (Views: 10.8ms | ActiveRecord: 4.7ms)


Started GET "/students/1" for 127.0.0.1 at 2012-05-07 21:20:49 +0530
Processing by StudentsController#show as JS
  Parameters: {"id"=>"1"}
  [1m[35mUser Load (0.8ms)[0m  SELECT "users".* FROM "users" WHERE "users"."id" = 1 LIMIT 1
  [1m[36mStudent Load (0.8ms)[0m  [1mSELECT "students".* FROM "students" WHERE "students"."id" = $1 LIMIT 1[0m  [["id", "1"]]
  Rendered students/_show.html.erb (3.0ms)
  Rendered students/show.js.erb (5.2ms)
Completed 200 OK in 17ms (Views: 12.4ms | ActiveRecord: 1.6ms)


Started GET "/students/1" for 127.0.0.1 at 2012-05-07 21:20:49 +0530
Processing by StudentsController#show as JS
  Parameters: {"id"=>"1"}
  [1m[35mUser Load (0.7ms)[0m  SELECT "users".* FROM "users" WHERE "users"."id" = 1 LIMIT 1
  [1m[36mStudent Load (0.4ms)[0m  [1mSELECT "students".* FROM "students" WHERE "students"."id" = $1 LIMIT 1[0m  [["id", "1"]]
  Rendered students/_show.html.erb (1.8ms)
  Rendered students/show.js.erb (3.2ms)
Completed 200 OK in 14ms (Views: 10.2ms | ActiveRecord: 1.1ms)


Started GET "/students/1/edit" for 127.0.0.1 at 2012-05-07 21:20:50 +0530
Processing by StudentsController#edit as JS
  Parameters: {"id"=>"1"}
  [1m[35mUser Load (0.7ms)[0m  SELECT "users".* FROM "users" WHERE "users"."id" = 1 LIMIT 1
  [1m[36mStudent Load (0.4ms)[0m  [1mSELECT "students".* FROM "students" WHERE "students"."id" = $1 LIMIT 1[0m  [["id", "1"]]
  Rendered students/_form_edit.html.erb (7.0ms)
  Rendered students/edit.js.erb (9.4ms)
Completed 200 OK in 18ms (Views: 13.1ms | ActiveRecord: 1.1ms)


Started GET "/students/1/edit" for 127.0.0.1 at 2012-05-07 21:20:50 +0530
Processing by StudentsController#edit as JS
  Parameters: {"id"=>"1"}
  [1m[35mUser Load (0.7ms)[0m  SELECT "users".* FROM "users" WHERE "users"."id" = 1 LIMIT 1
  [1m[36mStudent Load (0.3ms)[0m  [1mSELECT "students".* FROM "students" WHERE "students"."id" = $1 LIMIT 1[0m  [["id", "1"]]
  Rendered students/_form_edit.html.erb (4.0ms)
  Rendered students/edit.js.erb (5.7ms)
Completed 200 OK in 13ms (Views: 9.4ms | ActiveRecord: 1.0ms)


Started GET "/students/1" for 127.0.0.1 at 2012-05-07 21:20:52 +0530
Processing by StudentsController#show as JS
  Parameters: {"id"=>"1"}
  [1m[35mUser Load (0.7ms)[0m  SELECT "users".* FROM "users" WHERE "users"."id" = 1 LIMIT 1
  [1m[36mStudent Load (0.4ms)[0m  [1mSELECT "students".* FROM "students" WHERE "students"."id" = $1 LIMIT 1[0m  [["id", "1"]]
  Rendered students/_show.html.erb (1.8ms)
  Rendered students/show.js.erb (3.1ms)
Completed 200 OK in 13ms (Views: 9.7ms | ActiveRecord: 1.1ms)


Started GET "/profile/1" for 127.0.0.1 at 2012-05-07 21:22:20 +0530
Processing by ProfileController#show as JS
  Parameters: {"id"=>"1"}
  [1m[35mUser Load (0.7ms)[0m  SELECT "users".* FROM "users" WHERE "users"."id" = 1 LIMIT 1
  [1m[36mRole Load (0.5ms)[0m  [1mSELECT "roles".* FROM "roles" WHERE "roles"."id" = 1 LIMIT 1[0m
  [1m[35mAdmin Load (0.4ms)[0m  SELECT "admins".* FROM "admins" WHERE "admins"."id" = $1 LIMIT 1  [["id", 1]]
  Rendered profile/_show.html.erb (1.2ms)
  Rendered profile/show.js.erb (2.5ms)
Completed 200 OK in 12ms (Views: 6.5ms | ActiveRecord: 1.6ms)


Started GET "/profile/1/edit" for 127.0.0.1 at 2012-05-07 21:22:20 +0530
Processing by ProfileController#edit as JS
  Parameters: {"id"=>"1"}
  [1m[36mUser Load (0.7ms)[0m  [1mSELECT "users".* FROM "users" WHERE "users"."id" = 1 LIMIT 1[0m
  [1m[35mRole Load (0.5ms)[0m  SELECT "roles".* FROM "roles" WHERE "roles"."id" = 1 LIMIT 1
  [1m[36mAdmin Load (0.2ms)[0m  [1mSELECT "admins".* FROM "admins" WHERE "admins"."id" = $1 LIMIT 1[0m  [["id", "1"]]
  Rendered profile/_form_edit.html.erb (6.0ms)
  Rendered profile/edit.js.erb (7.6ms)
Completed 200 OK in 16ms (Views: 11.3ms | ActiveRecord: 1.4ms)


Started GET "/profile/1/edit" for 127.0.0.1 at 2012-05-07 21:22:21 +0530
Processing by ProfileController#edit as JS
  Parameters: {"id"=>"1"}
  [1m[35mUser Load (0.7ms)[0m  SELECT "users".* FROM "users" WHERE "users"."id" = 1 LIMIT 1
  [1m[36mRole Load (0.5ms)[0m  [1mSELECT "roles".* FROM "roles" WHERE "roles"."id" = 1 LIMIT 1[0m
  [1m[35mAdmin Load (0.3ms)[0m  SELECT "admins".* FROM "admins" WHERE "admins"."id" = $1 LIMIT 1  [["id", "1"]]
  Rendered profile/_form_edit.html.erb (3.1ms)
  Rendered profile/edit.js.erb (4.6ms)
Completed 200 OK in 14ms (Views: 8.7ms | ActiveRecord: 1.5ms)


Started GET "/profile/1" for 127.0.0.1 at 2012-05-07 21:22:22 +0530
Processing by ProfileController#show as JS
  Parameters: {"id"=>"1"}
  [1m[36mUser Load (0.6ms)[0m  [1mSELECT "users".* FROM "users" WHERE "users"."id" = 1 LIMIT 1[0m
  [1m[35mRole Load (0.8ms)[0m  SELECT "roles".* FROM "roles" WHERE "roles"."id" = 1 LIMIT 1
  [1m[36mAdmin Load (0.4ms)[0m  [1mSELECT "admins".* FROM "admins" WHERE "admins"."id" = $1 LIMIT 1[0m  [["id", 1]]
  Rendered profile/_show.html.erb (1.1ms)
  Rendered profile/show.js.erb (2.4ms)
Completed 200 OK in 11ms (Views: 6.3ms | ActiveRecord: 1.8ms)


Started GET "/subjects" for 127.0.0.1 at 2012-05-07 21:22:23 +0530
Processing by SubjectsController#index as JS
  [1m[35mUser Load (0.7ms)[0m  SELECT "users".* FROM "users" WHERE "users"."id" = 1 LIMIT 1
  [1m[36mRole Load (0.5ms)[0m  [1mSELECT "roles".* FROM "roles" WHERE "roles"."id" = 1 LIMIT 1[0m
  [1m[35mSubject Load (1.6ms)[0m  SELECT "subjects".* FROM "subjects" 
  Rendered subjects/_form_index.html.erb (5.3ms)
  Rendered subjects/index.js.erb (7.7ms)
Completed 200 OK in 113ms (Views: 12.8ms | ActiveRecord: 6.5ms)


Started GET "/teachers" for 127.0.0.1 at 2012-05-07 21:22:24 +0530
Processing by TeachersController#index as JS
  [1m[36mUser Load (0.8ms)[0m  [1mSELECT "users".* FROM "users" WHERE "users"."id" = 1 LIMIT 1[0m
  [1m[35mRole Load (0.5ms)[0m  SELECT "roles".* FROM "roles" WHERE "roles"."id" = 1 LIMIT 1
  [1m[36mTeacher Load (0.6ms)[0m  [1mSELECT "teachers".* FROM "teachers" [0m
  [1m[35mSubject Load (0.5ms)[0m  SELECT "subjects".* FROM "subjects" WHERE "subjects"."id" = 1 LIMIT 1
  Rendered teachers/_form_index.html.erb (6.8ms)
  Rendered teachers/index.js.erb (8.9ms)
Completed 200 OK in 50ms (Views: 13.3ms | ActiveRecord: 7.3ms)


Started GET "/students" for 127.0.0.1 at 2012-05-07 21:22:25 +0530
Processing by StudentsController#index as JS
  [1m[36mUser Load (0.7ms)[0m  [1mSELECT "users".* FROM "users" WHERE "users"."id" = 1 LIMIT 1[0m
  [1m[35mStudent Load (0.4ms)[0m  SELECT "students".* FROM "students" 
  Rendered students/_form_index.html.erb (2.0ms)
  Rendered students/index.js.erb (3.4ms)
Completed 200 OK in 11ms (Views: 7.5ms | ActiveRecord: 1.1ms)


Started GET "/admins" for 127.0.0.1 at 2012-05-07 21:22:25 +0530
Processing by AdminsController#index as JS
  [1m[36mUser Load (0.7ms)[0m  [1mSELECT "users".* FROM "users" WHERE "users"."id" = 1 LIMIT 1[0m
  [1m[35mRole Load (0.6ms)[0m  SELECT "roles".* FROM "roles" WHERE "roles"."id" = 1 LIMIT 1
  [1m[36mAdmin Load (0.4ms)[0m  [1mSELECT "admins".* FROM "admins" [0m
  Rendered admins/_form_index.html.erb (1.6ms)
  Rendered admins/index.js.erb (3.0ms)
Completed 200 OK in 20ms (Views: 6.9ms | ActiveRecord: 1.6ms)


Started GET "/users" for 127.0.0.1 at 2012-05-07 21:22:26 +0530
Processing by UsersController#index as JS
  [1m[35mUser Load (1.0ms)[0m  SELECT "users".* FROM "users" WHERE "users"."id" = 1 LIMIT 1
  [1m[36mRole Load (0.5ms)[0m  [1mSELECT "roles".* FROM "roles" WHERE "roles"."id" = 1 LIMIT 1[0m
  [1m[35mUser Load (0.6ms)[0m  SELECT "users".* FROM "users" WHERE (role_id != 1)
  [1m[36mRole Load (0.3ms)[0m  [1mSELECT "roles".* FROM "roles" WHERE "roles"."id" = 2 LIMIT 1[0m
  [1m[35mRole Load (0.5ms)[0m  SELECT "roles".* FROM "roles" WHERE "roles"."id" = 3 LIMIT 1
  Rendered users/_index.html.erb (9.1ms)
  Rendered users/index.js.erb (11.1ms)
Completed 200 OK in 32ms (Views: 14.4ms | ActiveRecord: 2.9ms)


Started GET "/teachers" for 127.0.0.1 at 2012-05-07 21:22:27 +0530
Processing by TeachersController#index as JS
  [1m[36mUser Load (0.7ms)[0m  [1mSELECT "users".* FROM "users" WHERE "users"."id" = 1 LIMIT 1[0m
  [1m[35mRole Load (0.5ms)[0m  SELECT "roles".* FROM "roles" WHERE "roles"."id" = 1 LIMIT 1
  [1m[36mTeacher Load (0.3ms)[0m  [1mSELECT "teachers".* FROM "teachers" [0m
  [1m[35mSubject Load (0.5ms)[0m  SELECT "subjects".* FROM "subjects" WHERE "subjects"."id" = 1 LIMIT 1
  Rendered teachers/_form_index.html.erb (6.3ms)
  Rendered teachers/index.js.erb (7.7ms)
Completed 200 OK in 25ms (Views: 11.4ms | ActiveRecord: 1.9ms)


Started GET "/teachers/1" for 127.0.0.1 at 2012-05-07 21:22:30 +0530
Processing by TeachersController#show as JS
  Parameters: {"id"=>"1"}
  [1m[36mUser Load (0.7ms)[0m  [1mSELECT "users".* FROM "users" WHERE "users"."id" = 1 LIMIT 1[0m
  [1m[35mTeacher Load (31.0ms)[0m  SELECT "teachers".* FROM "teachers" WHERE "teachers"."id" = $1 LIMIT 1  [["id", "1"]]
  [1m[36mCACHE (0.0ms)[0m  [1mSELECT "teachers".* FROM "teachers" WHERE "teachers"."id" = $1 LIMIT 1[0m
  [1m[35mSubject Load (0.5ms)[0m  SELECT "subjects".* FROM "subjects" WHERE "subjects"."id" = 1 LIMIT 1
  Rendered teachers/_show.html.erb (4.7ms)
  Rendered teachers/show.js.erb (6.7ms)
Completed 200 OK in 56ms (Views: 13.5ms | ActiveRecord: 32.2ms)


Started GET "/teachers/1" for 127.0.0.1 at 2012-05-07 21:22:30 +0530
Processing by TeachersController#show as JS
  Parameters: {"id"=>"1"}
  [1m[36mUser Load (0.6ms)[0m  [1mSELECT "users".* FROM "users" WHERE "users"."id" = 1 LIMIT 1[0m
  [1m[35mTeacher Load (0.4ms)[0m  SELECT "teachers".* FROM "teachers" WHERE "teachers"."id" = $1 LIMIT 1  [["id", "1"]]
  [1m[36mCACHE (0.0ms)[0m  [1mSELECT "teachers".* FROM "teachers" WHERE "teachers"."id" = $1 LIMIT 1[0m
  [1m[35mSubject Load (0.5ms)[0m  SELECT "subjects".* FROM "subjects" WHERE "subjects"."id" = 1 LIMIT 1
  Rendered teachers/_show.html.erb (3.4ms)
  Rendered teachers/show.js.erb (4.9ms)
Completed 200 OK in 22ms (Views: 11.2ms | ActiveRecord: 1.5ms)


Started DELETE "/users/sign_out" for 127.0.0.1 at 2012-05-07 21:22:34 +0530
Processing by Devise::SessionsController#destroy as HTML
  Parameters: {"authenticity_token"=>"MXqRL8i36j8UgI89Md8EInl0FjWQzvk8GEoNrxYkO7Q="}
  [1m[36mUser Load (0.9ms)[0m  [1mSELECT "users".* FROM "users" WHERE "users"."id" = 1 LIMIT 1[0m
  [1m[35m (0.2ms)[0m  BEGIN
  [1m[36m (0.2ms)[0m  [1mCOMMIT[0m
Redirected to http://0.0.0.0:3000/
Completed 302 Found in 108ms (ActiveRecord: 1.2ms)


Started GET "/" for 127.0.0.1 at 2012-05-07 21:22:34 +0530
Processing by HomeController#index as HTML
  Rendered home/index.html.erb within layouts/home (0.1ms)
Completed 200 OK in 6ms (Views: 5.6ms | ActiveRecord: 0.0ms)


Started GET "/assets/bootstrap.css?body=1" for 127.0.0.1 at 2012-05-07 21:22:34 +0530
Served asset /bootstrap.css - 304 Not Modified (0ms)


Started GET "/assets/jquery-ui-1.8.18.custom.css?body=1" for 127.0.0.1 at 2012-05-07 21:22:34 +0530
Served asset /jquery-ui-1.8.18.custom.css - 304 Not Modified (0ms)


Started GET "/profile/1" for 127.0.0.1 at 2012-05-07 21:22:35 +0530
Processing by ProfileController#show as HTML
  Parameters: {"id"=>"1"}
Completed 401 Unauthorized in 0ms


Started GET "/users/sign_in" for 127.0.0.1 at 2012-05-07 21:22:35 +0530
Processing by Devise::SessionsController#new as HTML
  Rendered devise/_links.erb (0.6ms)
  Rendered devise/sessions/new.html.erb within layouts/application (7.6ms)
Completed 200 OK in 23ms (Views: 22.0ms | ActiveRecord: 0.0ms)


Started GET "/assets/jquery.js?body=1" for 127.0.0.1 at 2012-05-07 21:22:36 +0530
Served asset /jquery.js - 304 Not Modified (0ms)


Started GET "/assets/jquery_ujs.js?body=1" for 127.0.0.1 at 2012-05-07 21:22:36 +0530
Served asset /jquery_ujs.js - 304 Not Modified (0ms)


Started GET "/assets/jquery-ui.js?body=1" for 127.0.0.1 at 2012-05-07 21:22:36 +0530
Served asset /jquery-ui.js - 304 Not Modified (1ms)


Started GET "/assets/ddtf.js?body=1" for 127.0.0.1 at 2012-05-07 21:22:36 +0530
Served asset /ddtf.js - 304 Not Modified (0ms)


Started GET "/assets/ASCIIMathML.js?body=1" for 127.0.0.1 at 2012-05-07 21:22:36 +0530
Served asset /ASCIIMathML.js - 304 Not Modified (0ms)


Started GET "/assets/bootstrap.js?body=1" for 127.0.0.1 at 2012-05-07 21:22:36 +0530
Served asset /bootstrap.js - 304 Not Modified (0ms)


Started GET "/assets/bootstrap.css?body=1" for 127.0.0.1 at 2012-05-07 21:22:36 +0530
Served asset /bootstrap.css - 304 Not Modified (0ms)


Started GET "/assets/bootstrap-modal.js?body=1" for 127.0.0.1 at 2012-05-07 21:22:36 +0530
Served asset /bootstrap-modal.js - 304 Not Modified (0ms)


Started GET "/assets/jquery-ui-1.8.18.custom.css?body=1" for 127.0.0.1 at 2012-05-07 21:22:36 +0530
Served asset /jquery-ui-1.8.18.custom.css - 304 Not Modified (0ms)


Started POST "/users/sign_in" for 127.0.0.1 at 2012-05-07 21:22:42 +0530
Processing by Devise::SessionsController#create as HTML
  Parameters: {"utf8"=>"✓", "authenticity_token"=>"/VDkgKMWqv+WvHGajfdNk5KKebA6OqmC3wxcar5SiZM=", "user"=>{"email"=>"asd@asd.com", "password"=>"[FILTERED]", "remember_me"=>"0"}, "commit"=>"Sign in"}
  [1m[35mUser Load (0.7ms)[0m  SELECT "users".* FROM "users" WHERE "users"."email" = 'asd@asd.com' LIMIT 1
  [1m[36m (0.2ms)[0m  [1mBEGIN[0m
  [1m[35m (0.8ms)[0m  UPDATE "users" SET "last_sign_in_at" = '2012-05-07 21:22:42.386695', "current_sign_in_at" = '2012-05-07 21:22:42.386695', "last_sign_in_ip" = '127.0.0.1', "current_sign_in_ip" = '127.0.0.1', "sign_in_count" = 1, "updated_at" = '2012-05-07 21:22:42.387592' WHERE "users"."id" = 2
  [1m[36m (13.0ms)[0m  [1mCOMMIT[0m
Redirected to http://0.0.0.0:3000/profile/1
Completed 302 Found in 206ms (ActiveRecord: 0.0ms)


Started GET "/profile/1" for 127.0.0.1 at 2012-05-07 21:22:42 +0530
Processing by ProfileController#show as HTML
  Parameters: {"id"=>"1"}
  [1m[35mUser Load (0.6ms)[0m  SELECT "users".* FROM "users" WHERE "users"."id" = 2 LIMIT 1
  [1m[36mRole Load (0.3ms)[0m  [1mSELECT "roles".* FROM "roles" WHERE "roles"."id" = 2 LIMIT 1[0m
  [1m[35mTeacher Load (0.3ms)[0m  SELECT "teachers".* FROM "teachers" WHERE "teachers"."id" = $1 LIMIT 1  [["id", 1]]
  [1m[36mSubject Load (0.3ms)[0m  [1mSELECT "subjects".* FROM "subjects" WHERE "subjects"."id" = 1 LIMIT 1[0m
  Rendered profile/show.html.erb within layouts/application (2.8ms)
Completed 200 OK in 23ms (Views: 17.7ms | ActiveRecord: 1.4ms)


Started GET "/assets/jquery.js?body=1" for 127.0.0.1 at 2012-05-07 21:22:42 +0530
Served asset /jquery.js - 304 Not Modified (0ms)


Started GET "/assets/jquery_ujs.js?body=1" for 127.0.0.1 at 2012-05-07 21:22:42 +0530
Served asset /jquery_ujs.js - 304 Not Modified (0ms)


Started GET "/assets/ASCIIMathML.js?body=1" for 127.0.0.1 at 2012-05-07 21:22:42 +0530
Served asset /ASCIIMathML.js - 304 Not Modified (0ms)


Started GET "/assets/jquery-ui.js?body=1" for 127.0.0.1 at 2012-05-07 21:22:42 +0530
Served asset /jquery-ui.js - 304 Not Modified (1ms)


Started GET "/assets/bootstrap.js?body=1" for 127.0.0.1 at 2012-05-07 21:22:42 +0530
Served asset /bootstrap.js - 304 Not Modified (0ms)


Started GET "/assets/bootstrap-modal.js?body=1" for 127.0.0.1 at 2012-05-07 21:22:42 +0530
Served asset /bootstrap-modal.js - 304 Not Modified (0ms)


Started GET "/assets/ddtf.js?body=1" for 127.0.0.1 at 2012-05-07 21:22:42 +0530
Served asset /ddtf.js - 304 Not Modified (0ms)


Started GET "/assets/jquery-ui-1.8.18.custom.css?body=1" for 127.0.0.1 at 2012-05-07 21:22:42 +0530
Served asset /jquery-ui-1.8.18.custom.css - 304 Not Modified (0ms)


Started GET "/assets/bootstrap.css?body=1" for 127.0.0.1 at 2012-05-07 21:22:42 +0530
Served asset /bootstrap.css - 304 Not Modified (0ms)


Started GET "/profile/1/edit" for 127.0.0.1 at 2012-05-07 21:22:45 +0530
Processing by ProfileController#edit as JS
  Parameters: {"id"=>"1"}
  [1m[35mUser Load (0.7ms)[0m  SELECT "users".* FROM "users" WHERE "users"."id" = 2 LIMIT 1
  [1m[36mRole Load (0.5ms)[0m  [1mSELECT "roles".* FROM "roles" WHERE "roles"."id" = 2 LIMIT 1[0m
  [1m[35mTeacher Load (0.2ms)[0m  SELECT "teachers".* FROM "teachers" WHERE "teachers"."id" = $1 LIMIT 1  [["id", "1"]]
  Rendered profile/_form_edit.html.erb (0.1ms)
  Rendered profile/edit.js.erb (1.3ms)
Completed 200 OK in 10ms (Views: 5.2ms | ActiveRecord: 1.4ms)


Started GET "/profile/1/edit" for 127.0.0.1 at 2012-05-07 21:22:45 +0530
Processing by ProfileController#edit as JS
  Parameters: {"id"=>"1"}
  [1m[36mUser Load (0.6ms)[0m  [1mSELECT "users".* FROM "users" WHERE "users"."id" = 2 LIMIT 1[0m
  [1m[35mRole Load (0.3ms)[0m  SELECT "roles".* FROM "roles" WHERE "roles"."id" = 2 LIMIT 1
  [1m[36mTeacher Load (0.2ms)[0m  [1mSELECT "teachers".* FROM "teachers" WHERE "teachers"."id" = $1 LIMIT 1[0m  [["id", "1"]]
  Rendered profile/_form_edit.html.erb (0.1ms)
  Rendered profile/edit.js.erb (1.2ms)
Completed 200 OK in 9ms (Views: 5.0ms | ActiveRecord: 1.1ms)


Started GET "/profile/2" for 127.0.0.1 at 2012-05-07 21:22:47 +0530
Processing by ProfileController#show as JS
  Parameters: {"id"=>"2"}
  [1m[35mUser Load (0.7ms)[0m  SELECT "users".* FROM "users" WHERE "users"."id" = 2 LIMIT 1
  [1m[36mRole Load (0.5ms)[0m  [1mSELECT "roles".* FROM "roles" WHERE "roles"."id" = 2 LIMIT 1[0m
  [1m[35mTeacher Load (0.3ms)[0m  SELECT "teachers".* FROM "teachers" WHERE "teachers"."id" = $1 LIMIT 1  [["id", 1]]
  [1m[36mSubject Load (0.3ms)[0m  [1mSELECT "subjects".* FROM "subjects" WHERE "subjects"."id" = 1 LIMIT 1[0m
  Rendered profile/_show.html.erb (2.7ms)
  Rendered profile/show.js.erb (4.0ms)
Completed 200 OK in 12ms (Views: 7.4ms | ActiveRecord: 1.7ms)


Started GET "/profile/2" for 127.0.0.1 at 2012-05-07 21:22:47 +0530
Processing by ProfileController#show as JS
  Parameters: {"id"=>"2"}
  [1m[35mUser Load (0.6ms)[0m  SELECT "users".* FROM "users" WHERE "users"."id" = 2 LIMIT 1
  [1m[36mRole Load (0.5ms)[0m  [1mSELECT "roles".* FROM "roles" WHERE "roles"."id" = 2 LIMIT 1[0m
  [1m[35mTeacher Load (0.4ms)[0m  SELECT "teachers".* FROM "teachers" WHERE "teachers"."id" = $1 LIMIT 1  [["id", 1]]
  [1m[36mSubject Load (0.6ms)[0m  [1mSELECT "subjects".* FROM "subjects" WHERE "subjects"."id" = 1 LIMIT 1[0m
  Rendered profile/_show.html.erb (2.8ms)
  Rendered profile/show.js.erb (4.1ms)
Completed 200 OK in 13ms (Views: 7.5ms | ActiveRecord: 2.0ms)


Started GET "/subjects" for 127.0.0.1 at 2012-05-07 21:22:48 +0530
Processing by SubjectsController#index as JS
  [1m[35mUser Load (0.7ms)[0m  SELECT "users".* FROM "users" WHERE "users"."id" = 2 LIMIT 1
  [1m[36mRole Load (0.5ms)[0m  [1mSELECT "roles".* FROM "roles" WHERE "roles"."id" = 2 LIMIT 1[0m
  [1m[35mSubject Load (0.3ms)[0m  SELECT "subjects".* FROM "subjects" 
  Rendered subjects/_form_index.html.erb (5.2ms)
  Rendered subjects/index.js.erb (6.7ms)
Completed 200 OK in 26ms (Views: 10.6ms | ActiveRecord: 1.4ms)


Started GET "/subjects" for 127.0.0.1 at 2012-05-07 21:22:48 +0530
Processing by SubjectsController#index as JS
  [1m[36mUser Load (0.6ms)[0m  [1mSELECT "users".* FROM "users" WHERE "users"."id" = 2 LIMIT 1[0m
  [1m[35mRole Load (0.5ms)[0m  SELECT "roles".* FROM "roles" WHERE "roles"."id" = 2 LIMIT 1
  [1m[36mSubject Load (0.3ms)[0m  [1mSELECT "subjects".* FROM "subjects" [0m
  Rendered subjects/_form_index.html.erb (3.4ms)
  Rendered subjects/index.js.erb (5.0ms)
Completed 200 OK in 95ms (Views: 81.9ms | ActiveRecord: 1.4ms)


Started GET "/profile/2" for 127.0.0.1 at 2012-05-07 21:22:50 +0530
Processing by ProfileController#show as JS
  Parameters: {"id"=>"2"}
  [1m[35mUser Load (0.7ms)[0m  SELECT "users".* FROM "users" WHERE "users"."id" = 2 LIMIT 1
  [1m[36mRole Load (0.5ms)[0m  [1mSELECT "roles".* FROM "roles" WHERE "roles"."id" = 2 LIMIT 1[0m
  [1m[35mTeacher Load (0.3ms)[0m  SELECT "teachers".* FROM "teachers" WHERE "teachers"."id" = $1 LIMIT 1  [["id", 1]]
  [1m[36mSubject Load (0.5ms)[0m  [1mSELECT "subjects".* FROM "subjects" WHERE "subjects"."id" = 1 LIMIT 1[0m
  Rendered profile/_show.html.erb (3.1ms)
  Rendered profile/show.js.erb (4.5ms)
Completed 200 OK in 14ms (Views: 8.1ms | ActiveRecord: 2.0ms)


Started GET "/subjects" for 127.0.0.1 at 2012-05-07 21:22:51 +0530
Processing by SubjectsController#index as JS
  [1m[35mUser Load (0.7ms)[0m  SELECT "users".* FROM "users" WHERE "users"."id" = 2 LIMIT 1
  [1m[36mRole Load (0.5ms)[0m  [1mSELECT "roles".* FROM "roles" WHERE "roles"."id" = 2 LIMIT 1[0m
  [1m[35mSubject Load (0.4ms)[0m  SELECT "subjects".* FROM "subjects" 
  Rendered subjects/_form_index.html.erb (3.0ms)
  Rendered subjects/index.js.erb (4.5ms)
Completed 200 OK in 23ms (Views: 9.1ms | ActiveRecord: 1.6ms)


Started GET "/batchs" for 127.0.0.1 at 2012-05-07 21:22:53 +0530
Processing by BatchsController#index as JS
  [1m[36mUser Load (0.7ms)[0m  [1mSELECT "users".* FROM "users" WHERE "users"."id" = 2 LIMIT 1[0m
  [1m[35mRole Load (0.5ms)[0m  SELECT "roles".* FROM "roles" WHERE "roles"."id" = 2 LIMIT 1
  [1m[36mBatch Load (0.7ms)[0m  [1mSELECT "batches".* FROM "batches" [0m
  Rendered batchs/_form_index.html.erb (4.8ms)
  Rendered batchs/index.js.erb (7.1ms)
Completed 200 OK in 46ms (Views: 12.1ms | ActiveRecord: 5.7ms)


Started GET "/question/filter_question" for 127.0.0.1 at 2012-05-07 21:22:54 +0530
Processing by QuestionsController#filter_question as JS
  [1m[35mUser Load (0.7ms)[0m  SELECT "users".* FROM "users" WHERE "users"."id" = 2 LIMIT 1
  [1m[36mRole Load (0.5ms)[0m  [1mSELECT "roles".* FROM "roles" WHERE "roles"."id" = 2 LIMIT 1[0m
  [1m[35mSubject Load (0.4ms)[0m  SELECT "subjects".* FROM "subjects" 
  [1m[36mQuestion Load (0.7ms)[0m  [1mSELECT "questions".* FROM "questions" WHERE ('t'='f')[0m
  Rendered questions/_index.html.erb (6.5ms)
  Rendered questions/_filter_question.html.erb (9.5ms)
  Rendered questions/filter_question.js.erb (11.5ms)
Completed 200 OK in 43ms (Views: 16.0ms | ActiveRecord: 5.7ms)


Started GET "/question/filter_question" for 127.0.0.1 at 2012-05-07 21:22:54 +0530
Processing by QuestionsController#filter_question as JS
  [1m[35mUser Load (0.6ms)[0m  SELECT "users".* FROM "users" WHERE "users"."id" = 2 LIMIT 1
  [1m[36mRole Load (0.3ms)[0m  [1mSELECT "roles".* FROM "roles" WHERE "roles"."id" = 2 LIMIT 1[0m
  [1m[35mSubject Load (0.3ms)[0m  SELECT "subjects".* FROM "subjects" 
  [1m[36mQuestion Load (0.4ms)[0m  [1mSELECT "questions".* FROM "questions" WHERE ('t'='f')[0m
  Rendered questions/_index.html.erb (1.0ms)
  Rendered questions/_filter_question.html.erb (2.3ms)
  Rendered questions/filter_question.js.erb (3.7ms)
Completed 200 OK in 25ms (Views: 10.8ms | ActiveRecord: 1.6ms)


Started GET "/jktest/select_subject" for 127.0.0.1 at 2012-05-07 21:22:55 +0530
Processing by JktestsController#select_subject as JS
  [1m[35mUser Load (0.7ms)[0m  SELECT "users".* FROM "users" WHERE "users"."id" = 2 LIMIT 1
  [1m[36mRole Load (0.5ms)[0m  [1mSELECT "roles".* FROM "roles" WHERE "roles"."id" = 2 LIMIT 1[0m
  [1m[35mSubject Load (0.8ms)[0m  SELECT "subjects".* FROM "subjects" 
  Rendered jktests/_select_subject.html.erb (2.1ms)
  Rendered jktests/select_subject.js.erb (4.3ms)
Completed 200 OK in 39ms (Views: 13.3ms | ActiveRecord: 2.0ms)


Started GET "/reports" for 127.0.0.1 at 2012-05-07 21:22:56 +0530
Processing by ReportsController#index as JS
  [1m[36mUser Load (0.7ms)[0m  [1mSELECT "users".* FROM "users" WHERE "users"."id" = 2 LIMIT 1[0m
  [1m[35mBatch Load (0.4ms)[0m  SELECT "batches".* FROM "batches" 
  [1m[36mStudent Load (0.4ms)[0m  [1mSELECT "students".* FROM "students" [0m
  [1m[35mJktest Load (0.6ms)[0m  SELECT "jktests".* FROM "jktests" 
  [1m[36mMark Load (0.5ms)[0m  [1mSELECT "marks".* FROM "marks" [0m
  [1m[35mBatchtest Load (0.8ms)[0m  SELECT "batchtests".* FROM "batchtests" WHERE "batchtests"."id" = 1 LIMIT 1
  [1m[36mBatch Load (0.7ms)[0m  [1mSELECT "batches".* FROM "batches" WHERE "batches"."id" = 1 LIMIT 1[0m
  [1m[35mStudent Load (0.5ms)[0m  SELECT "students".* FROM "students" WHERE "students"."id" = 1 LIMIT 1
  [1m[36mJktest Load (0.3ms)[0m  [1mSELECT "jktests".* FROM "jktests" WHERE "jktests"."id" = 1 LIMIT 1[0m
  [1m[35mCACHE (0.0ms)[0m  SELECT "batchtests".* FROM "batchtests" WHERE "batchtests"."id" = 1 LIMIT 1
  [1m[36mCACHE (0.0ms)[0m  [1mSELECT "batches".* FROM "batches" WHERE "batches"."id" = 1 LIMIT 1[0m
  [1m[35mCACHE (0.0ms)[0m  SELECT "students".* FROM "students" WHERE "students"."id" = 1 LIMIT 1
  [1m[36mCACHE (0.0ms)[0m  [1mSELECT "jktests".* FROM "jktests" WHERE "jktests"."id" = 1 LIMIT 1[0m
  [1m[35mCACHE (0.0ms)[0m  SELECT "batchtests".* FROM "batchtests" WHERE "batchtests"."id" = 1 LIMIT 1
  [1m[36mCACHE (0.0ms)[0m  [1mSELECT "batches".* FROM "batches" WHERE "batches"."id" = 1 LIMIT 1[0m
  [1m[35mCACHE (0.0ms)[0m  SELECT "students".* FROM "students" WHERE "students"."id" = 1 LIMIT 1
  [1m[36mCACHE (0.0ms)[0m  [1mSELECT "jktests".* FROM "jktests" WHERE "jktests"."id" = 1 LIMIT 1[0m
  Rendered reports/_form_index.html.erb (54.0ms)
  Rendered reports/index.js.erb (56.1ms)
Completed 200 OK in 113ms (Views: 59.3ms | ActiveRecord: 16.0ms)


Started GET "/subject/filter_forum" for 127.0.0.1 at 2012-05-07 21:22:56 +0530
Processing by ForumsController#filter_forum as JS
  [1m[35mUser Load (0.7ms)[0m  SELECT "users".* FROM "users" WHERE "users"."id" = 2 LIMIT 1
  [1m[36mSubject Load (0.4ms)[0m  [1mSELECT "subjects".* FROM "subjects" [0m
  Rendered forums/_filter_forum.html.erb (2.1ms)
  Rendered forums/filter_forum.js.erb (4.2ms)
Completed 200 OK in 17ms (Views: 12.5ms | ActiveRecord: 1.1ms)


Started GET "/reports" for 127.0.0.1 at 2012-05-07 21:22:57 +0530
Processing by ReportsController#index as JS
  [1m[35mUser Load (0.7ms)[0m  SELECT "users".* FROM "users" WHERE "users"."id" = 2 LIMIT 1
  [1m[36mBatch Load (0.4ms)[0m  [1mSELECT "batches".* FROM "batches" [0m
  [1m[35mStudent Load (0.2ms)[0m  SELECT "students".* FROM "students" 
  [1m[36mJktest Load (0.2ms)[0m  [1mSELECT "jktests".* FROM "jktests" [0m
  [1m[35mMark Load (0.2ms)[0m  SELECT "marks".* FROM "marks" 
  [1m[36mBatchtest Load (0.4ms)[0m  [1mSELECT "batchtests".* FROM "batchtests" WHERE "batchtests"."id" = 1 LIMIT 1[0m
  [1m[35mBatch Load (0.6ms)[0m  SELECT "batches".* FROM "batches" WHERE "batches"."id" = 1 LIMIT 1
  [1m[36mStudent Load (0.4ms)[0m  [1mSELECT "students".* FROM "students" WHERE "students"."id" = 1 LIMIT 1[0m
  [1m[35mJktest Load (0.3ms)[0m  SELECT "jktests".* FROM "jktests" WHERE "jktests"."id" = 1 LIMIT 1
  [1m[36mCACHE (0.0ms)[0m  [1mSELECT "batchtests".* FROM "batchtests" WHERE "batchtests"."id" = 1 LIMIT 1[0m
  [1m[35mCACHE (0.0ms)[0m  SELECT "batches".* FROM "batches" WHERE "batches"."id" = 1 LIMIT 1
  [1m[36mCACHE (0.0ms)[0m  [1mSELECT "students".* FROM "students" WHERE "students"."id" = 1 LIMIT 1[0m
  [1m[35mCACHE (0.0ms)[0m  SELECT "jktests".* FROM "jktests" WHERE "jktests"."id" = 1 LIMIT 1
  [1m[36mCACHE (0.0ms)[0m  [1mSELECT "batchtests".* FROM "batchtests" WHERE "batchtests"."id" = 1 LIMIT 1[0m
  [1m[35mCACHE (0.0ms)[0m  SELECT "batches".* FROM "batches" WHERE "batches"."id" = 1 LIMIT 1
  [1m[36mCACHE (0.0ms)[0m  [1mSELECT "students".* FROM "students" WHERE "students"."id" = 1 LIMIT 1[0m
  [1m[35mCACHE (0.0ms)[0m  SELECT "jktests".* FROM "jktests" WHERE "jktests"."id" = 1 LIMIT 1
  Rendered reports/_form_index.html.erb (14.0ms)
  Rendered reports/index.js.erb (15.3ms)
Completed 200 OK in 28ms (Views: 20.5ms | ActiveRecord: 3.5ms)


Started GET "/profile/2" for 127.0.0.1 at 2012-05-07 21:23:00 +0530
Processing by ProfileController#show as JS
  Parameters: {"id"=>"2"}
  [1m[36mUser Load (0.8ms)[0m  [1mSELECT "users".* FROM "users" WHERE "users"."id" = 2 LIMIT 1[0m
  [1m[35mRole Load (0.5ms)[0m  SELECT "roles".* FROM "roles" WHERE "roles"."id" = 2 LIMIT 1
  [1m[36mTeacher Load (0.6ms)[0m  [1mSELECT "teachers".* FROM "teachers" WHERE "teachers"."id" = $1 LIMIT 1[0m  [["id", 1]]
  [1m[35mSubject Load (0.5ms)[0m  SELECT "subjects".* FROM "subjects" WHERE "subjects"."id" = 1 LIMIT 1
  Rendered profile/_show.html.erb (3.1ms)
  Rendered profile/show.js.erb (4.5ms)
Completed 200 OK in 15ms (Views: 8.4ms | ActiveRecord: 2.5ms)


Started DELETE "/users/sign_out" for 127.0.0.1 at 2012-05-07 21:23:01 +0530
Processing by Devise::SessionsController#destroy as HTML
  Parameters: {"authenticity_token"=>"/VDkgKMWqv+WvHGajfdNk5KKebA6OqmC3wxcar5SiZM="}
  [1m[36mUser Load (0.7ms)[0m  [1mSELECT "users".* FROM "users" WHERE "users"."id" = 2 LIMIT 1[0m
  [1m[35m (0.2ms)[0m  BEGIN
  [1m[36m (0.2ms)[0m  [1mCOMMIT[0m
Redirected to http://0.0.0.0:3000/
Completed 302 Found in 7ms (ActiveRecord: 1.0ms)


Started GET "/" for 127.0.0.1 at 2012-05-07 21:23:01 +0530
Processing by HomeController#index as HTML
  Rendered home/index.html.erb within layouts/home (0.1ms)
Completed 200 OK in 5ms (Views: 4.9ms | ActiveRecord: 0.0ms)


Started GET "/assets/bootstrap.css?body=1" for 127.0.0.1 at 2012-05-07 21:23:01 +0530
Served asset /bootstrap.css - 304 Not Modified (0ms)


Started GET "/assets/jquery-ui-1.8.18.custom.css?body=1" for 127.0.0.1 at 2012-05-07 21:23:01 +0530
Served asset /jquery-ui-1.8.18.custom.css - 304 Not Modified (0ms)


Started GET "/profile/1" for 127.0.0.1 at 2012-05-07 21:23:02 +0530
Processing by ProfileController#show as HTML
  Parameters: {"id"=>"1"}
Completed 401 Unauthorized in 0ms


Started GET "/users/sign_in" for 127.0.0.1 at 2012-05-07 21:23:02 +0530
Processing by Devise::SessionsController#new as HTML
  Rendered devise/_links.erb (0.6ms)
  Rendered devise/sessions/new.html.erb within layouts/application (7.0ms)
Completed 200 OK in 21ms (Views: 20.2ms | ActiveRecord: 0.0ms)


Started GET "/assets/jquery.js?body=1" for 127.0.0.1 at 2012-05-07 21:23:02 +0530
Served asset /jquery.js - 304 Not Modified (0ms)


Started GET "/assets/ASCIIMathML.js?body=1" for 127.0.0.1 at 2012-05-07 21:23:02 +0530
Served asset /ASCIIMathML.js - 304 Not Modified (0ms)


Started GET "/assets/jquery-ui.js?body=1" for 127.0.0.1 at 2012-05-07 21:23:02 +0530
Served asset /jquery-ui.js - 304 Not Modified (2ms)


Started GET "/assets/bootstrap.js?body=1" for 127.0.0.1 at 2012-05-07 21:23:02 +0530
Served asset /bootstrap.js - 304 Not Modified (0ms)


Started GET "/assets/jquery_ujs.js?body=1" for 127.0.0.1 at 2012-05-07 21:23:02 +0530
Served asset /jquery_ujs.js - 304 Not Modified (0ms)


Started GET "/assets/bootstrap-modal.js?body=1" for 127.0.0.1 at 2012-05-07 21:23:02 +0530
Served asset /bootstrap-modal.js - 304 Not Modified (0ms)


Started GET "/assets/ddtf.js?body=1" for 127.0.0.1 at 2012-05-07 21:23:02 +0530
Served asset /ddtf.js - 304 Not Modified (0ms)


Started GET "/assets/bootstrap.css?body=1" for 127.0.0.1 at 2012-05-07 21:23:02 +0530
Served asset /bootstrap.css - 304 Not Modified (0ms)


Started GET "/assets/jquery-ui-1.8.18.custom.css?body=1" for 127.0.0.1 at 2012-05-07 21:23:02 +0530
Served asset /jquery-ui-1.8.18.custom.css - 304 Not Modified (0ms)
